Tue Feb 13 01:38:56 IST 2018 : Apache Derby Network Server - 10.11.1.2 - (1629631) started and ready to accept connections on port 1527
----------------------------------------------------------------
Tue Feb 13 01:38:57 IST 2018:
Booting Derby version The Apache Software Foundation - Apache Derby - 10.11.1.2 - (1629631): instance a816c00e-0161-8ba2-79cd-ffffd1163cea 
on database directory C:\Users\i.quit.techno\AppData\Roaming\NetBeans\Derby\Wallet_Database with class loader sun.misc.Launcher$AppClassLoader@6f94fa3e 
Loaded from file:/C:/Program%20Files/Java/jdk1.8.0_131/db/lib/derby.jar
java.vendor=Oracle Corporation
java.runtime.version=1.8.0_131-b11
user.dir=C:\Program Files\Java\jdk1.8.0_131\db
os.name=Windows 10
os.arch=amd64
os.version=10.0
derby.system.home=C:\Users\i.quit.techno\AppData\Roaming\NetBeans\Derby
Database Class Loader started - derby.database.classpath=''
----------------------------------------------------------------
Tue Feb 13 12:01:44 IST 2018: Shutting down Derby engine
----------------------------------------------------------------
Tue Feb 13 12:01:44 IST 2018:
Shutting down instance a816c00e-0161-8ba2-79cd-ffffd1163cea on database directory C:\Users\i.quit.techno\AppData\Roaming\NetBeans\Derby\Wallet_Database with class loader sun.misc.Launcher$AppClassLoader@6f94fa3e 
----------------------------------------------------------------
